2025-08-18 21:38:30,851 | utils.logging_config | INFO | logging_config.py:61 | Logging configured with level: INFO
2025-08-18 21:38:30,851 | utils.logging_config | INFO | logging_config.py:63 | Log file: logs/tft_assistant.log
2025-08-18 21:38:30,851 | __main__ | INFO | main.py:144 | Starting TFT Voice Assistant
2025-08-18 21:38:30,851 | __main__ | INFO | main.py:145 | Python version: 3.12.7 | packaged by Anaconda, Inc. | (main, Oct  4 2024, 08:22:19) [Clang 14.0.6 ]
2025-08-18 21:38:30,851 | __main__ | INFO | main.py:146 | Configuration loaded
2025-08-18 21:38:30,851 | __main__ | INFO | main.py:151 | Data directory: data
2025-08-18 21:38:30,851 | __main__ | INFO | main.py:154 | Scraping compositions from Mobafire...
2025-08-18 21:38:42,908 | __main__ | INFO | main.py:158 | Converting HTML compositions to JSON...
2025-08-18 21:38:43,182 | __main__ | INFO | main.py:163 | Scraping champions and traits data...
2025-08-18 21:38:43,182 | scraper | INFO | scraper.py:173 | Scraping TFT data from https://www.mobafire.com/teamfight-tactics/champions
2025-08-18 21:38:43,182 | scraper | INFO | scraper.py:177 | Attempt 1/3
2025-08-18 21:38:43,572 | scraper | INFO | scraper.py:182 | Successfully fetched data (249487 characters)
2025-08-18 21:38:43,636 | scraper | INFO | scraper.py:150 | Parsed 65 champions and 26 traits
2025-08-18 21:38:43,637 | scraper | INFO | scraper.py:238 | Champions saved to: data/champions.json
2025-08-18 21:38:43,637 | scraper | INFO | scraper.py:239 | Traits saved to: data/traits.json
2025-08-18 21:38:43,638 | ocr.matching | INFO | matching.py:33 | Loaded 65 champions from data/champions.json
2025-08-18 21:38:43,638 | __main__ | INFO | main.py:167 | Loaded 65 champions
2025-08-18 21:38:43,638 | __main__ | INFO | main.py:173 | Starting shop monitor thread...
2025-08-18 21:38:43,638 | __main__ | INFO | main.py:105 | Starting shop monitor thread
2025-08-18 21:38:43,638 | __main__ | INFO | main.py:177 | Registering hotkeys...
2025-08-18 21:38:43,638 | __main__ | INFO | main.py:178 | Assistant ready; press Ctrl+Shift+S to ask, Esc to exit
2025-08-18 21:38:43,638 | ocr.detect_shop | INFO | detect_shop.py:35 | Looking for shop using image: /Users/louisyu/TFT/photo/reroll_text.png
2025-08-18 21:38:43,638 | ocr.detect_shop | INFO | detect_shop.py:36 | Confidence threshold: 0.8
2025-08-18 21:38:43,677 | pynput.keyboard.GlobalHotKeys | WARNING | darwin.py:209 | This process is not trusted! Input event monitoring will not be possible until it is added to accessibility clients.
2025-08-18 21:38:57,817 | __main__ | INFO | main.py:58 | Listening for question...
2025-08-18 21:39:02,410 | __main__ | INFO | main.py:70 | User asked: should i buy here
2025-08-18 21:39:02,410 | performance | INFO | logging_config.py:74 | PERF | speech_recognition | 1.343s | query_length=17
2025-08-18 21:39:02,411 | assistant.rules_engine | INFO | rules_engine.py:82 | Processing voice query: should i buy here...
2025-08-18 21:39:04,424 | assistant.rules_engine | INFO | rules_engine.py:102 | Successfully generated response
2025-08-18 21:39:14,435 | assistant.tts_utils | ERROR | tts_utils.py:37 | Speech timeout after 10.0 seconds
2025-08-18 21:39:14,435 | __main__ | INFO | main.py:77 | Assistant responded: This depends on several factors:

*   **Your current gold:** How much gold do you have? Can you affo...
2025-08-18 21:39:14,435 | performance | INFO | logging_config.py:74 | PERF | total_query_processing | 17.781s | 
2025-08-18 21:39:27,048 | __main__ | INFO | main.py:58 | Listening for question...
2025-08-18 21:39:33,609 | __main__ | INFO | main.py:70 | User asked: i have 47 gold in a three-unit cost
2025-08-18 21:39:33,609 | performance | INFO | logging_config.py:74 | PERF | speech_recognition | 0.960s | query_length=35
2025-08-18 21:39:33,609 | assistant.rules_engine | INFO | rules_engine.py:82 | Processing voice query: i have 47 gold in a three-unit cost...
2025-08-18 21:39:35,668 | assistant.rules_engine | INFO | rules_engine.py:102 | Successfully generated response
2025-08-18 21:39:45,691 | assistant.tts_utils | ERROR | tts_utils.py:37 | Speech timeout after 10.0 seconds
2025-08-18 21:39:45,692 | __main__ | INFO | main.py:77 | Assistant responded: Okay, with 47 gold and an interest in 3-cost units, here are a few thoughts based on the data:

*   ...
2025-08-18 21:39:45,692 | performance | INFO | logging_config.py:74 | PERF | total_query_processing | 19.794s | 
2025-08-18 21:40:00,282 | __main__ | INFO | main.py:58 | Listening for question...
2025-08-18 21:40:06,171 | __main__ | INFO | main.py:70 | User asked: what champions do i need to get to get to go battle academia
2025-08-18 21:40:06,171 | performance | INFO | logging_config.py:74 | PERF | speech_recognition | 1.079s | query_length=60
2025-08-18 21:40:06,171 | assistant.rules_engine | INFO | rules_engine.py:82 | Processing voice query: what champions do i need to get to get to go battle academia...
2025-08-18 21:40:07,707 | assistant.rules_engine | INFO | rules_engine.py:102 | Successfully generated response
2025-08-18 21:40:17,719 | assistant.tts_utils | ERROR | tts_utils.py:37 | Speech timeout after 10.0 seconds
2025-08-18 21:40:17,719 | __main__ | INFO | main.py:77 | Assistant responded: Based on the provided comps, Battle Academia is a key trait in "GAREN/SYNDRA REROLL" and "PRODIGY YU...
2025-08-18 21:40:17,720 | performance | INFO | logging_config.py:74 | PERF | total_query_processing | 18.575s | 
2025-08-18 21:43:05,445 | __main__ | INFO | main.py:187 | Application interrupted by user
2025-08-18 21:43:05,445 | __main__ | INFO | main.py:193 | Application shutting down
2025-08-18 21:43:05,446 | __main__ | INFO | main.py:28 | Cleaning up temporary files...
2025-08-18 21:43:11,930 | utils.logging_config | INFO | logging_config.py:61 | Logging configured with level: INFO
2025-08-18 21:43:11,931 | utils.logging_config | INFO | logging_config.py:63 | Log file: logs/tft_assistant.log
2025-08-18 21:43:11,931 | __main__ | INFO | main.py:144 | Starting TFT Voice Assistant
2025-08-18 21:43:11,931 | __main__ | INFO | main.py:145 | Python version: 3.12.7 | packaged by Anaconda, Inc. | (main, Oct  4 2024, 08:22:19) [Clang 14.0.6 ]
2025-08-18 21:43:11,931 | __main__ | INFO | main.py:146 | Configuration loaded
2025-08-18 21:43:11,931 | __main__ | INFO | main.py:151 | Data directory: data
2025-08-18 21:43:11,931 | __main__ | INFO | main.py:154 | Scraping compositions from Mobafire...
2025-08-18 21:43:26,110 | __main__ | INFO | main.py:158 | Converting HTML compositions to JSON...
2025-08-18 21:43:26,376 | __main__ | INFO | main.py:163 | Scraping champions and traits data...
2025-08-18 21:43:26,376 | scraper | INFO | scraper.py:173 | Scraping TFT data from https://www.mobafire.com/teamfight-tactics/champions
2025-08-18 21:43:26,376 | scraper | INFO | scraper.py:177 | Attempt 1/3
2025-08-18 21:43:26,667 | scraper | INFO | scraper.py:182 | Successfully fetched data (249487 characters)
2025-08-18 21:43:26,715 | scraper | INFO | scraper.py:150 | Parsed 65 champions and 26 traits
2025-08-18 21:43:26,716 | scraper | INFO | scraper.py:238 | Champions saved to: data/champions.json
2025-08-18 21:43:26,716 | scraper | INFO | scraper.py:239 | Traits saved to: data/traits.json
2025-08-18 21:43:26,717 | ocr.matching | INFO | matching.py:33 | Loaded 65 champions from data/champions.json
2025-08-18 21:43:26,717 | __main__ | INFO | main.py:167 | Loaded 65 champions
2025-08-18 21:43:26,717 | __main__ | INFO | main.py:173 | Starting shop monitor thread...
2025-08-18 21:43:26,717 | __main__ | INFO | main.py:105 | Starting shop monitor thread
2025-08-18 21:43:26,717 | __main__ | INFO | main.py:177 | Registering hotkeys...
2025-08-18 21:43:26,717 | __main__ | INFO | main.py:178 | Assistant ready; press Ctrl+Shift+S to ask, Esc to exit
2025-08-18 21:43:26,717 | ocr.detect_shop | INFO | detect_shop.py:35 | Looking for shop using image: /Users/louisyu/TFT/photo/reroll_text.png
2025-08-18 21:43:26,717 | ocr.detect_shop | INFO | detect_shop.py:36 | Confidence threshold: 0.8
2025-08-18 21:43:26,753 | pynput.keyboard.GlobalHotKeys | WARNING | darwin.py:209 | This process is not trusted! Input event monitoring will not be possible until it is added to accessibility clients.
2025-08-18 21:43:31,572 | __main__ | INFO | main.py:58 | Listening for question...
2025-08-18 21:43:33,385 | __main__ | WARNING | main.py:84 | Speech recognition could not understand audio
2025-08-18 21:43:46,045 | __main__ | INFO | main.py:58 | Listening for question...
2025-08-18 21:43:52,581 | __main__ | INFO | main.py:70 | User asked: 87 i have 47 gold should i reroll here or should i
2025-08-18 21:43:52,581 | performance | INFO | logging_config.py:74 | PERF | speech_recognition | 1.262s | query_length=50
2025-08-18 21:43:52,581 | assistant.rules_engine | INFO | rules_engine.py:82 | Processing voice query: 87 i have 47 gold should i reroll here or should i...
2025-08-18 21:43:53,709 | assistant.rules_engine | INFO | rules_engine.py:102 | Successfully generated response
2025-08-18 21:44:00,396 | __main__ | INFO | main.py:77 | Assistant responded: I cannot answer this question with the information provided. I need to know what champions you have ...
2025-08-18 21:44:00,397 | performance | INFO | logging_config.py:74 | PERF | total_query_processing | 15.515s | 
2025-08-18 21:44:10,562 | __main__ | INFO | main.py:58 | Listening for question...
2025-08-18 21:44:16,438 | __main__ | WARNING | main.py:81 | No speech detected within timeout
2025-08-18 21:44:23,716 | __main__ | INFO | main.py:58 | Listening for question...
2025-08-18 21:44:29,245 | __main__ | INFO | main.py:70 | User asked: i want to play leona can you suggest me a comp
2025-08-18 21:44:29,246 | performance | INFO | logging_config.py:74 | PERF | speech_recognition | 1.155s | query_length=46
2025-08-18 21:44:29,246 | assistant.rules_engine | INFO | rules_engine.py:82 | Processing voice query: i want to play leona can you suggest me a comp...
2025-08-18 21:44:30,879 | assistant.rules_engine | INFO | rules_engine.py:102 | Successfully generated response
2025-08-18 21:45:00,892 | assistant.tts_utils | ERROR | tts_utils.py:47 | Speech timeout after 30.0 seconds
2025-08-18 21:45:00,892 | assistant.tts_utils | INFO | tts_utils.py:48 | Skipped speaking: Leona appears in the following comps: GAREN/SYNDRA REROLL (4 Bastion, 4 Battle Academia, 5 Prodigy, ...
2025-08-18 21:45:00,892 | __main__ | INFO | main.py:77 | Assistant responded: Leona appears in the following comps: GAREN/SYNDRA REROLL (4 Bastion, 4 Battle Academia, 5 Prodigy, ...
2025-08-18 21:45:00,892 | performance | INFO | logging_config.py:74 | PERF | total_query_processing | 38.307s | 
2025-08-18 21:45:15,415 | __main__ | INFO | main.py:58 | Listening for question...
2025-08-18 21:45:18,666 | __main__ | INFO | main.py:70 | User asked: which should i start spending my gold
2025-08-18 21:45:18,666 | performance | INFO | logging_config.py:74 | PERF | speech_recognition | 0.702s | query_length=37
2025-08-18 21:45:18,666 | assistant.rules_engine | INFO | rules_engine.py:82 | Processing voice query: which should i start spending my gold...
2025-08-18 21:45:20,098 | assistant.rules_engine | INFO | rules_engine.py:102 | Successfully generated response
2025-08-18 21:45:36,432 | __main__ | INFO | main.py:77 | Assistant responded: Based on the comps, several reroll comps exist. If you're playing Garen/Syndra reroll, Prodigy Yuumi...
2025-08-18 21:45:36,433 | performance | INFO | logging_config.py:74 | PERF | total_query_processing | 22.178s | 
2025-08-18 21:45:46,897 | __main__ | INFO | main.py:58 | Listening for question...
2025-08-18 21:45:51,670 | __main__ | INFO | main.py:70 | User asked: i want to play five prodigy what is the plan here
2025-08-18 21:45:51,670 | performance | INFO | logging_config.py:74 | PERF | speech_recognition | 0.970s | query_length=49
2025-08-18 21:45:51,670 | assistant.rules_engine | INFO | rules_engine.py:82 | Processing voice query: i want to play five prodigy what is the plan here...
2025-08-18 21:45:52,862 | assistant.rules_engine | INFO | rules_engine.py:102 | Successfully generated response
2025-08-18 21:46:12,125 | __main__ | INFO | main.py:77 | Assistant responded: You can play 5 Prodigy with the Garen/Syndra Reroll comp (Garen, Leona, Rell, Braum, Syndra, Ezreal,...
2025-08-18 21:46:12,125 | performance | INFO | logging_config.py:74 | PERF | total_query_processing | 26.382s | 
2025-08-18 21:46:24,862 | __main__ | INFO | main.py:58 | Listening for question...
2025-08-18 21:46:29,971 | __main__ | WARNING | main.py:81 | No speech detected within timeout
2025-08-18 21:46:35,968 | __main__ | INFO | main.py:58 | Listening for question...
2025-08-18 21:46:44,205 | __main__ | INFO | main.py:70 | User asked: how do i play this comp
2025-08-18 21:46:44,205 | performance | INFO | logging_config.py:74 | PERF | speech_recognition | 0.550s | query_length=23
2025-08-18 21:46:44,205 | assistant.rules_engine | INFO | rules_engine.py:82 | Processing voice query: how do i play this comp...
2025-08-18 21:46:45,229 | assistant.rules_engine | INFO | rules_engine.py:102 | Successfully generated response
2025-08-18 21:46:48,317 | __main__ | INFO | main.py:77 | Assistant responded: Please specify which comp you are asking about....
2025-08-18 21:46:48,317 | performance | INFO | logging_config.py:74 | PERF | total_query_processing | 13.463s | 
2025-08-18 21:46:53,017 | __main__ | INFO | main.py:58 | Listening for question...
2025-08-18 21:46:59,453 | __main__ | INFO | main.py:70 | User asked: i'm talking about the malzahar umi five prodigy comp
2025-08-18 21:46:59,454 | performance | INFO | logging_config.py:74 | PERF | speech_recognition | 1.308s | query_length=52
2025-08-18 21:46:59,454 | assistant.rules_engine | INFO | rules_engine.py:82 | Processing voice query: i'm talking about the malzahar umi five prodigy comp...
2025-08-18 21:47:00,745 | assistant.rules_engine | INFO | rules_engine.py:102 | Successfully generated response
2025-08-18 21:47:22,514 | __main__ | INFO | main.py:77 | Assistant responded: You're referring to the "PRODIGY YUUMI Patch 25.16" comp. It consists of Leona, Rakan, Garen, K'Sant...
2025-08-18 21:47:22,515 | performance | INFO | logging_config.py:74 | PERF | total_query_processing | 30.664s | 
2025-08-18 22:12:53,030 | __main__ | INFO | main.py:187 | Application interrupted by user
2025-08-18 22:12:53,031 | __main__ | INFO | main.py:193 | Application shutting down
2025-08-18 22:12:53,032 | __main__ | INFO | main.py:28 | Cleaning up temporary files...
